# JRE version: Java(TM) SE Runtime Environment (17.0.12+8) (build 17.0.12+8-LTS-286)
# Java VM: Java HotSpot(TM) 64-Bit Server VM (17.0.12+8-LTS-286, mixed mode, sharing, tiered, compressed oops, compressed class ptrs, g1 gc, windows-amd64)
GC Precious Log:
 CPUs: 8 total, 8 available
 Memory: 7932M
 Large Page Support: Disabled
 NUMA Support: Disabled
 Compressed Oops: Enabled (Zero based)
 Heap Region Size: 2M
 Heap Min Capacity: 8M
 Heap Initial Capacity: 124M
 Heap Max Capacity: 4G
 Pre-touch: Disabled
 Parallel Workers: 8
 Concurrent Workers: 2
 Concurrent Refinement Workers: 8
 Periodic GC: Disabled
Heap:
 garbage-first heap   total 806912K, used 470447K [0x0000000700000000, 0x0000000800000000)
  region size 2048K, 3 young (6144K), 3 survivors (6144K)
 Metaspace       used 247821K, committed 249984K, reserved 1114112K
  class space    used 31637K, committed 32640K, reserved 851968K
GC Heap History (20 events):
Event: 68.784 GC heap after
{Heap after GC invocations=66 (full 0):
 garbage-first heap   total 784384K, used 341793K [0x0000000700000000, 0x0000000800000000)
  region size 2048K, 6 young (12288K), 6 survivors (12288K)
 Metaspace       used 133125K, committed 135040K, reserved 983040K
  class space    used 18106K, committed 19008K, reserved 851968K
}
Event: 72.086 GC heap before
{Heap before GC invocations=67 (full 0):
 garbage-first heap   total 784384K, used 595745K [0x0000000700000000, 0x0000000800000000)
  region size 2048K, 139 young (284672K), 6 survivors (12288K)
 Metaspace       used 151397K, committed 153472K, reserved 1048576K
  class space    used 20206K, committed 21184K, reserved 851968K
}
Event: 72.196 GC heap after
{Heap after GC invocations=68 (full 0):
 garbage-first heap   total 784384K, used 344466K [0x0000000700000000, 0x0000000800000000)
  region size 2048K, 16 young (32768K), 16 survivors (32768K)
 Metaspace       used 151397K, committed 153472K, reserved 1048576K
  class space    used 20206K, committed 21184K, reserved 851968K
}
Event: 72.213 GC heap before
{Heap before GC invocations=68 (full 0):
 garbage-first heap   total 784384K, used 348562K [0x0000000700000000, 0x0000000800000000)
  region size 2048K, 19 young (38912K), 16 survivors (32768K)
 Metaspace       used 151597K, committed 153664K, reserved 1048576K
  class space    used 20219K, committed 21184K, reserved 851968K
}
Event: 72.374 GC heap after
{Heap after GC invocations=69 (full 0):
 garbage-first heap   total 784384K, used 326898K [0x0000000700000000, 0x0000000800000000)
  region size 2048K, 3 young (6144K), 3 survivors (6144K)
 Metaspace       used 151597K, committed 153664K, reserved 1048576K
  class space    used 20219K, committed 21184K, reserved 851968K
}
Event: 74.674 GC heap before
{Heap before GC invocations=69 (full 0):
 garbage-first heap   total 784384K, used 611570K [0x0000000700000000, 0x0000000800000000)
  region size 2048K, 143 young (292864K), 3 survivors (6144K)
 Metaspace       used 174257K, committed 176320K, reserved 1048576K
  class space    used 23356K, committed 24320K, reserved 851968K
}
Event: 74.700 GC heap after
{Heap after GC invocations=70 (full 0):
 garbage-first heap   total 784384K, used 339540K [0x0000000700000000, 0x0000000800000000)
  region size 2048K, 9 young (18432K), 9 survivors (18432K)
 Metaspace       used 174257K, committed 176320K, reserved 1048576K
  class space    used 23356K, committed 24320K, reserved 851968K
}
Event: 78.814 GC heap before
{Heap before GC invocations=70 (full 0):
 garbage-first heap   total 784384K, used 622164K [0x0000000700000000, 0x0000000800000000)
  region size 2048K, 148 young (303104K), 9 survivors (18432K)
 Metaspace       used 201340K, committed 203456K, reserved 1048576K
  class space    used 26559K, committed 27520K, reserved 851968K
}
Event: 78.876 GC heap after
{Heap after GC invocations=71 (full 0):
 garbage-first heap   total 784384K, used 365901K [0x0000000700000000, 0x0000000800000000)
  region size 2048K, 19 young (38912K), 19 survivors (38912K)
 Metaspace       used 201340K, committed 203456K, reserved 1048576K
  class space    used 26559K, committed 27520K, reserved 851968K
}
Event: 86.000 GC heap before
{Heap before GC invocations=71 (full 0):
 garbage-first heap   total 784384K, used 558413K [0x0000000700000000, 0x0000000800000000)
  region size 2048K, 114 young (233472K), 19 survivors (38912K)
 Metaspace       used 223220K, committed 225280K, reserved 1048576K
  class space    used 29135K, committed 30080K, reserved 851968K
}
Event: 86.210 GC heap after
{Heap after GC invocations=72 (full 0):
 garbage-first heap   total 784384K, used 399919K [0x0000000700000000, 0x0000000800000000)
  region size 2048K, 17 young (34816K), 17 survivors (34816K)
 Metaspace       used 223220K, committed 225280K, reserved 1048576K
  class space    used 29135K, committed 30080K, reserved 851968K
}
Event: 110.315 GC heap before
{Heap before GC invocations=73 (full 0):
 garbage-first heap   total 784384K, used 621103K [0x0000000700000000, 0x0000000800000000)
  region size 2048K, 125 young (256000K), 17 survivors (34816K)
 Metaspace       used 239800K, committed 241920K, reserved 1114112K
  class space    used 31015K, committed 32000K, reserved 851968K
}
Event: 110.639 GC heap after
{Heap after GC invocations=74 (full 0):
 garbage-first heap   total 784384K, used 445159K [0x0000000700000000, 0x0000000800000000)
  region size 2048K, 16 young (32768K), 16 survivors (32768K)
 Metaspace       used 239800K, committed 241920K, reserved 1114112K
  class space    used 31015K, committed 32000K, reserved 851968K
}
Event: 113.075 GC heap before
{Heap before GC invocations=74 (full 0):
 garbage-first heap   total 784384K, used 451303K [0x0000000700000000, 0x0000000800000000)
  region size 2048K, 19 young (38912K), 16 survivors (32768K)
 Metaspace       used 240185K, committed 242240K, reserved 1114112K
  class space    used 31056K, committed 32000K, reserved 851968K
}
Event: 113.197 GC heap after
{Heap after GC invocations=75 (full 0):
 garbage-first heap   total 784384K, used 445368K [0x0000000700000000, 0x0000000800000000)
  region size 2048K, 3 young (6144K), 3 survivors (6144K)
 Metaspace       used 240185K, committed 242240K, reserved 1114112K
  class space    used 31056K, committed 32000K, reserved 851968K
}
Event: 125.946 GC heap before
{Heap before GC invocations=75 (full 0):
 garbage-first heap   total 784384K, used 623544K [0x0000000700000000, 0x0000000800000000)
  region size 2048K, 90 young (184320K), 3 survivors (6144K)
 Metaspace       used 247193K, committed 249408K, reserved 1114112K
  class space    used 31620K, committed 32640K, reserved 851968K
}
Event: 126.264 GC heap after
{Heap after GC invocations=76 (full 0):
 garbage-first heap   total 784384K, used 471916K [0x0000000700000000, 0x0000000800000000)
  region size 2048K, 12 young (24576K), 12 survivors (24576K)
 Metaspace       used 247193K, committed 249408K, reserved 1114112K
  class space    used 31620K, committed 32640K, reserved 851968K
}
Event: 128.305 GC heap before
{Heap before GC invocations=77 (full 0):
 garbage-first heap   total 806912K, used 486252K [0x0000000700000000, 0x0000000800000000)
  region size 2048K, 19 young (38912K), 12 survivors (24576K)
 Metaspace       used 247509K, committed 249664K, reserved 1114112K
  class space    used 31629K, committed 32640K, reserved 851968K
}
Event: 128.372 GC heap after
{Heap after GC invocations=78 (full 0):
 garbage-first heap   total 806912K, used 477184K [0x0000000700000000, 0x0000000800000000)
  region size 2048K, 2 young (4096K), 2 survivors (4096K)
 Metaspace       used 247509K, committed 249664K, reserved 1114112K
  class space    used 31629K, committed 32640K, reserved 851968K
}
Event: 129.589 GC heap before
{Heap before GC invocations=78 (full 0):
 garbage-first heap   total 806912K, used 512000K [0x0000000700000000, 0x0000000800000000)
  region size 2048K, 19 young (38912K), 2 survivors (4096K)
 Metaspace       used 247821K, committed 249984K, reserved 1114112K
  class space    used 31637K, committed 32640K, reserved 851968K
}

