# JRE version: Java(TM) SE Runtime Environment (17.0.12+8) (build 17.0.12+8-LTS-286)
# Java VM: Java HotSpot(TM) 64-Bit Server VM (17.0.12+8-LTS-286, mixed mode, sharing, tiered, compressed oops, compressed class ptrs, g1 gc, windows-amd64)
GC Precious Log:
 CPUs: 8 total, 8 available
 Memory: 7932M
 Large Page Support: Disabled
 NUMA Support: Disabled
 Compressed Oops: Enabled (32-bit)
 Heap Region Size: 1M
 Heap Min Capacity: 8M
 Heap Initial Capacity: 124M
 Heap Max Capacity: 1984M
 Pre-touch: Disabled
 Parallel Workers: 8
 Concurrent Workers: 2
 Concurrent Refinement Workers: 8
 Periodic GC: Disabled
Heap:
 garbage-first heap   total 117760K, used 54772K [0x0000000084000000, 0x0000000100000000)
  region size 1024K, 13 young (13312K), 5 survivors (5120K)
 Metaspace       used 44021K, committed 44352K, reserved 1114112K
  class space    used 5409K, committed 5568K, reserved 1048576K
GC Heap History (16 events):
Event: 60.109 GC heap before
{Heap before GC invocations=0 (full 0):
 garbage-first heap   total 126976K, used 27648K [0x0000000084000000, 0x0000000100000000)
  region size 1024K, 23 young (23552K), 0 survivors (0K)
 Metaspace       used 7198K, committed 7360K, reserved 1114112K
  class space    used 759K, committed 832K, reserved 1048576K
}
Event: 60.114 GC heap after
{Heap after GC invocations=1 (full 0):
 garbage-first heap   total 126976K, used 7168K [0x0000000084000000, 0x0000000100000000)
  region size 1024K, 3 young (3072K), 3 survivors (3072K)
 Metaspace       used 7198K, committed 7360K, reserved 1114112K
  class space    used 759K, committed 832K, reserved 1048576K
}
Event: 60.609 GC heap before
{Heap before GC invocations=1 (full 0):
 garbage-first heap   total 126976K, used 48128K [0x0000000084000000, 0x0000000100000000)
  region size 1024K, 36 young (36864K), 3 survivors (3072K)
 Metaspace       used 16845K, committed 17088K, reserved 1114112K
  class space    used 2225K, committed 2368K, reserved 1048576K
}
Event: 60.618 GC heap after
{Heap after GC invocations=2 (full 0):
 garbage-first heap   total 126976K, used 16989K [0x0000000084000000, 0x0000000100000000)
  region size 1024K, 3 young (3072K), 3 survivors (3072K)
 Metaspace       used 16845K, committed 17088K, reserved 1114112K
  class space    used 2225K, committed 2368K, reserved 1048576K
}
Event: 61.199 GC heap before
{Heap before GC invocations=2 (full 0):
 garbage-first heap   total 126976K, used 80477K [0x0000000084000000, 0x0000000100000000)
  region size 1024K, 63 young (64512K), 3 survivors (3072K)
 Metaspace       used 21264K, committed 21504K, reserved 1114112K
  class space    used 2899K, committed 3008K, reserved 1048576K
}
Event: 61.244 GC heap after
{Heap after GC invocations=3 (full 0):
 garbage-first heap   total 126976K, used 26624K [0x0000000084000000, 0x0000000100000000)
  region size 1024K, 10 young (10240K), 10 survivors (10240K)
 Metaspace       used 21264K, committed 21504K, reserved 1114112K
  class space    used 2899K, committed 3008K, reserved 1048576K
}
Event: 61.554 GC heap before
{Heap before GC invocations=4 (full 0):
 garbage-first heap   total 89088K, used 54272K [0x0000000084000000, 0x0000000100000000)
  region size 1024K, 29 young (29696K), 10 survivors (10240K)
 Metaspace       used 24395K, committed 24640K, reserved 1114112K
  class space    used 3259K, committed 3392K, reserved 1048576K
}
Event: 61.580 GC heap after
{Heap after GC invocations=5 (full 0):
 garbage-first heap   total 89088K, used 37376K [0x0000000084000000, 0x0000000100000000)
  region size 1024K, 4 young (4096K), 4 survivors (4096K)
 Metaspace       used 24395K, committed 24640K, reserved 1114112K
  class space    used 3259K, committed 3392K, reserved 1048576K
}
Event: 62.079 GC heap before
{Heap before GC invocations=5 (full 0):
 garbage-first heap   total 89088K, used 66048K [0x0000000084000000, 0x0000000100000000)
  region size 1024K, 32 young (32768K), 4 survivors (4096K)
 Metaspace       used 30363K, committed 30592K, reserved 1114112K
  class space    used 3820K, committed 3904K, reserved 1048576K
}
Event: 62.085 GC heap after
{Heap after GC invocations=6 (full 0):
 garbage-first heap   total 89088K, used 40207K [0x0000000084000000, 0x0000000100000000)
  region size 1024K, 3 young (3072K), 3 survivors (3072K)
 Metaspace       used 30363K, committed 30592K, reserved 1114112K
  class space    used 3820K, committed 3904K, reserved 1048576K
}
Event: 62.427 GC heap before
{Heap before GC invocations=6 (full 0):
 garbage-first heap   total 89088K, used 68879K [0x0000000084000000, 0x0000000100000000)
  region size 1024K, 30 young (30720K), 3 survivors (3072K)
 Metaspace       used 34491K, committed 34752K, reserved 1114112K
  class space    used 4294K, committed 4416K, reserved 1048576K
}
Event: 62.436 GC heap after
{Heap after GC invocations=7 (full 0):
 garbage-first heap   total 89088K, used 44884K [0x0000000084000000, 0x0000000100000000)
  region size 1024K, 4 young (4096K), 4 survivors (4096K)
 Metaspace       used 34491K, committed 34752K, reserved 1114112K
  class space    used 4294K, committed 4416K, reserved 1048576K
}
Event: 62.589 GC heap before
{Heap before GC invocations=7 (full 0):
 garbage-first heap   total 89088K, used 63316K [0x0000000084000000, 0x0000000100000000)
  region size 1024K, 23 young (23552K), 4 survivors (4096K)
 Metaspace       used 35842K, committed 36096K, reserved 1114112K
  class space    used 4423K, committed 4544K, reserved 1048576K
}
Event: 62.595 GC heap after
{Heap after GC invocations=8 (full 0):
 garbage-first heap   total 117760K, used 44334K [0x0000000084000000, 0x0000000100000000)
  region size 1024K, 2 young (2048K), 2 survivors (2048K)
 Metaspace       used 35842K, committed 36096K, reserved 1114112K
  class space    used 4423K, committed 4544K, reserved 1048576K
}
Event: 63.452 GC heap before
{Heap before GC invocations=9 (full 0):
 garbage-first heap   total 117760K, used 86318K [0x0000000084000000, 0x0000000100000000)
  region size 1024K, 43 young (44032K), 2 survivors (2048K)
 Metaspace       used 43230K, committed 43520K, reserved 1114112K
  class space    used 5307K, committed 5440K, reserved 1048576K
}
Event: 63.463 GC heap after
{Heap after GC invocations=10 (full 0):
 garbage-first heap   total 117760K, used 47604K [0x0000000084000000, 0x0000000100000000)
  region size 1024K, 5 young (5120K), 5 survivors (5120K)
 Metaspace       used 43230K, committed 43520K, reserved 1114112K
  class space    used 5307K, committed 5440K, reserved 1048576K
}

