# JRE version: Java(TM) SE Runtime Environment (17.0.12+8) (build 17.0.12+8-LTS-286)
# Java VM: Java HotSpot(TM) 64-Bit Server VM (17.0.12+8-LTS-286, mixed mode, sharing, tiered, compressed oops, compressed class ptrs, g1 gc, windows-amd64)
GC Precious Log:
 CPUs: 8 total, 8 available
 Memory: 7932M
 Large Page Support: Disabled
 NUMA Support: Disabled
 Compressed Oops: Enabled (32-bit)
 Heap Region Size: 1M
 Heap Min Capacity: 8M
 Heap Initial Capacity: 124M
 Heap Max Capacity: 1984M
 Pre-touch: Disabled
 Parallel Workers: 8
 Concurrent Workers: 2
 Concurrent Refinement Workers: 8
 Periodic GC: Disabled
Heap:
 garbage-first heap   total 160768K, used 102298K [0x0000000084000000, 0x0000000100000000)
  region size 1024K, 48 young (49152K), 7 survivors (7168K)
 Metaspace       used 59485K, committed 59840K, reserved 1114112K
  class space    used 6723K, committed 6912K, reserved 1048576K
GC Heap History (20 events):
Event: 0.594 GC heap before
{Heap before GC invocations=0 (full 0):
 garbage-first heap   total 126976K, used 27648K [0x0000000084000000, 0x0000000100000000)
  region size 1024K, 23 young (23552K), 0 survivors (0K)
 Metaspace       used 7206K, committed 7360K, reserved 1114112K
  class space    used 759K, committed 832K, reserved 1048576K
}
Event: 0.599 GC heap after
{Heap after GC invocations=1 (full 0):
 garbage-first heap   total 126976K, used 6922K [0x0000000084000000, 0x0000000100000000)
  region size 1024K, 3 young (3072K), 3 survivors (3072K)
 Metaspace       used 7206K, committed 7360K, reserved 1114112K
  class space    used 759K, committed 832K, reserved 1048576K
}
Event: 1.225 GC heap before
{Heap before GC invocations=1 (full 0):
 garbage-first heap   total 126976K, used 47882K [0x0000000084000000, 0x0000000100000000)
  region size 1024K, 36 young (36864K), 3 survivors (3072K)
 Metaspace       used 16865K, committed 17152K, reserved 1114112K
  class space    used 2230K, committed 2368K, reserved 1048576K
}
Event: 1.233 GC heap after
{Heap after GC invocations=2 (full 0):
 garbage-first heap   total 126976K, used 17043K [0x0000000084000000, 0x0000000100000000)
  region size 1024K, 3 young (3072K), 3 survivors (3072K)
 Metaspace       used 16865K, committed 17152K, reserved 1114112K
  class space    used 2230K, committed 2368K, reserved 1048576K
}
Event: 1.856 GC heap before
{Heap before GC invocations=2 (full 0):
 garbage-first heap   total 126976K, used 80531K [0x0000000084000000, 0x0000000100000000)
  region size 1024K, 63 young (64512K), 3 survivors (3072K)
 Metaspace       used 21274K, committed 21504K, reserved 1114112K
  class space    used 2905K, committed 3008K, reserved 1048576K
}
Event: 1.901 GC heap after
{Heap after GC invocations=3 (full 0):
 garbage-first heap   total 126976K, used 26352K [0x0000000084000000, 0x0000000100000000)
  region size 1024K, 10 young (10240K), 10 survivors (10240K)
 Metaspace       used 21274K, committed 21504K, reserved 1114112K
  class space    used 2905K, committed 3008K, reserved 1048576K
}
Event: 2.217 GC heap before
{Heap before GC invocations=4 (full 0):
 garbage-first heap   total 89088K, used 55024K [0x0000000084000000, 0x0000000100000000)
  region size 1024K, 30 young (30720K), 10 survivors (10240K)
 Metaspace       used 24583K, committed 24832K, reserved 1114112K
  class space    used 3279K, committed 3392K, reserved 1048576K
}
Event: 2.238 GC heap after
{Heap after GC invocations=5 (full 0):
 garbage-first heap   total 89088K, used 37616K [0x0000000084000000, 0x0000000100000000)
  region size 1024K, 4 young (4096K), 4 survivors (4096K)
 Metaspace       used 24583K, committed 24832K, reserved 1114112K
  class space    used 3279K, committed 3392K, reserved 1048576K
}
Event: 2.256 GC heap before
{Heap before GC invocations=5 (full 0):
 garbage-first heap   total 89088K, used 38640K [0x0000000084000000, 0x0000000100000000)
  region size 1024K, 5 young (5120K), 4 survivors (4096K)
 Metaspace       used 24736K, committed 24960K, reserved 1114112K
  class space    used 3299K, committed 3392K, reserved 1048576K
}
Event: 2.260 GC heap after
{Heap after GC invocations=6 (full 0):
 garbage-first heap   total 89088K, used 37704K [0x0000000084000000, 0x0000000100000000)
  region size 1024K, 1 young (1024K), 1 survivors (1024K)
 Metaspace       used 24736K, committed 24960K, reserved 1114112K
  class space    used 3299K, committed 3392K, reserved 1048576K
}
Event: 2.722 GC heap before
{Heap before GC invocations=6 (full 0):
 garbage-first heap   total 89088K, used 66376K [0x0000000084000000, 0x0000000100000000)
  region size 1024K, 29 young (29696K), 1 survivors (1024K)
 Metaspace       used 31026K, committed 31232K, reserved 1114112K
  class space    used 3895K, committed 3968K, reserved 1048576K
}
Event: 2.728 GC heap after
{Heap after GC invocations=7 (full 0):
 garbage-first heap   total 89088K, used 39280K [0x0000000084000000, 0x0000000100000000)
  region size 1024K, 3 young (3072K), 3 survivors (3072K)
 Metaspace       used 31026K, committed 31232K, reserved 1114112K
  class space    used 3895K, committed 3968K, reserved 1048576K
}
Event: 3.218 GC heap before
{Heap before GC invocations=7 (full 0):
 garbage-first heap   total 89088K, used 68976K [0x0000000084000000, 0x0000000100000000)
  region size 1024K, 31 young (31744K), 3 survivors (3072K)
 Metaspace       used 34547K, committed 34816K, reserved 1114112K
  class space    used 4300K, committed 4416K, reserved 1048576K
}
Event: 3.235 GC heap after
{Heap after GC invocations=8 (full 0):
 garbage-first heap   total 162816K, used 44830K [0x0000000084000000, 0x0000000100000000)
  region size 1024K, 4 young (4096K), 4 survivors (4096K)
 Metaspace       used 34547K, committed 34816K, reserved 1114112K
  class space    used 4300K, committed 4416K, reserved 1048576K
}
Event: 3.442 GC heap before
{Heap before GC invocations=8 (full 0):
 garbage-first heap   total 162816K, used 59166K [0x0000000084000000, 0x0000000100000000)
  region size 1024K, 19 young (19456K), 4 survivors (4096K)
 Metaspace       used 35786K, committed 36096K, reserved 1114112K
  class space    used 4425K, committed 4608K, reserved 1048576K
}
Event: 3.451 GC heap after
{Heap after GC invocations=9 (full 0):
 garbage-first heap   total 162816K, used 45723K [0x0000000084000000, 0x0000000100000000)
  region size 1024K, 5 young (5120K), 5 survivors (5120K)
 Metaspace       used 35786K, committed 36096K, reserved 1114112K
  class space    used 4425K, committed 4608K, reserved 1048576K
}
Event: 5.451 GC heap before
{Heap before GC invocations=10 (full 0):
 garbage-first heap   total 160768K, used 115355K [0x0000000084000000, 0x0000000100000000)
  region size 1024K, 73 young (74752K), 5 survivors (5120K)
 Metaspace       used 45369K, committed 45632K, reserved 1114112K
  class space    used 5487K, committed 5632K, reserved 1048576K
}
Event: 5.468 GC heap after
{Heap after GC invocations=11 (full 0):
 garbage-first heap   total 160768K, used 54556K [0x0000000084000000, 0x0000000100000000)
  region size 1024K, 10 young (10240K), 10 survivors (10240K)
 Metaspace       used 45369K, committed 45632K, reserved 1114112K
  class space    used 5487K, committed 5632K, reserved 1048576K
}
Event: 7.669 GC heap before
{Heap before GC invocations=12 (full 0):
 garbage-first heap   total 160768K, used 117020K [0x0000000084000000, 0x0000000100000000)
  region size 1024K, 70 young (71680K), 10 survivors (10240K)
 Metaspace       used 50400K, committed 50752K, reserved 1114112K
  class space    used 5853K, committed 6016K, reserved 1048576K
}
Event: 7.690 GC heap after
{Heap after GC invocations=13 (full 0):
 garbage-first heap   total 160768K, used 61338K [0x0000000084000000, 0x0000000100000000)
  region size 1024K, 7 young (7168K), 7 survivors (7168K)
 Metaspace       used 50400K, committed 50752K, reserved 1114112K
  class space    used 5853K, committed 6016K, reserved 1048576K
}

